mode: set
github.com/unmango/aferox/writer/tar/export.go:31.41,33.2 1 1
github.com/unmango/aferox/writer/tar/export.go:41.41,43.2 1 1
github.com/unmango/aferox/writer/tar/file.go:25.81,34.2 1 1
github.com/unmango/aferox/writer/tar/file.go:36.30,45.17 3 1
github.com/unmango/aferox/writer/tar/file.go:45.17,47.3 1 0
github.com/unmango/aferox/writer/tar/file.go:49.2,49.47 1 1
github.com/unmango/aferox/writer/tar/file.go:49.47,51.3 1 0
github.com/unmango/aferox/writer/tar/file.go:53.2,53.12 1 1
github.com/unmango/aferox/writer/tar/file.go:57.30,58.19 1 1
github.com/unmango/aferox/writer/tar/file.go:58.19,60.3 1 1
github.com/unmango/aferox/writer/tar/file.go:62.2,62.14 1 1
github.com/unmango/aferox/writer/tar/file.go:66.30,68.2 1 0
github.com/unmango/aferox/writer/tar/file.go:71.50,73.2 1 0
github.com/unmango/aferox/writer/tar/file.go:76.63,78.2 1 0
github.com/unmango/aferox/writer/tar/file.go:81.58,83.2 1 0
github.com/unmango/aferox/writer/tar/file.go:86.54,88.2 1 0
github.com/unmango/aferox/writer/tar/file.go:91.62,93.2 1 0
github.com/unmango/aferox/writer/tar/file.go:96.44,98.2 1 0
github.com/unmango/aferox/writer/tar/file.go:101.29,103.2 1 0
github.com/unmango/aferox/writer/tar/file.go:106.43,108.2 1 0
github.com/unmango/aferox/writer/tar/file.go:111.51,113.2 1 0
github.com/unmango/aferox/writer/tar/file.go:116.64,118.2 1 0
github.com/unmango/aferox/writer/tar/file.go:121.59,123.2 1 1
github.com/unmango/aferox/writer/tar/fileinfo.go:16.33,18.2 1 0
github.com/unmango/aferox/writer/tar/fileinfo.go:21.40,23.2 1 0
github.com/unmango/aferox/writer/tar/fileinfo.go:26.39,28.2 1 0
github.com/unmango/aferox/writer/tar/fileinfo.go:31.34,33.2 1 0
github.com/unmango/aferox/writer/tar/fileinfo.go:36.33,38.2 1 0
github.com/unmango/aferox/writer/tar/fileinfo.go:41.30,43.2 1 0
github.com/unmango/aferox/writer/tar/fs.go:30.57,32.2 1 0
github.com/unmango/aferox/writer/tar/fs.go:35.57,37.2 1 0
github.com/unmango/aferox/writer/tar/fs.go:40.75,42.2 1 0
github.com/unmango/aferox/writer/tar/fs.go:45.54,47.2 1 1
github.com/unmango/aferox/writer/tar/fs.go:50.57,58.17 3 0
github.com/unmango/aferox/writer/tar/fs.go:58.17,60.3 1 0
github.com/unmango/aferox/writer/tar/fs.go:62.2,62.12 1 0
github.com/unmango/aferox/writer/tar/fs.go:66.60,68.2 1 0
github.com/unmango/aferox/writer/tar/fs.go:71.28,73.2 1 0
github.com/unmango/aferox/writer/tar/fs.go:76.52,80.2 1 0
github.com/unmango/aferox/writer/tar/fs.go:83.84,85.2 1 0
github.com/unmango/aferox/writer/tar/fs.go:88.40,90.2 1 0
github.com/unmango/aferox/writer/tar/fs.go:93.43,95.2 1 0
github.com/unmango/aferox/writer/tar/fs.go:98.59,100.2 1 0
github.com/unmango/aferox/writer/tar/fs.go:103.53,105.2 1 0
github.com/unmango/aferox/writer/tar/fs.go:125.36,130.2 1 1
